<?xml version="1.0" encoding="UTF-8"?>
<!-- Generated by org.testng.reporters.JUnitReportReporter -->
<testsuite hostname="LAPTOP-I0OI740N" failures="0" tests="2" name="testCases.TC_002_LoginTest" time="3.835" errors="0" timestamp="2024-12-06T14:50:28 IST" skipped="0">
  <testcase classname="testCases.TC_002_LoginTest" name="test_Login" time="1.814"/>
  <testcase classname="testCases.TC_002_LoginTest" name="test_Login" time="2.021"/>
</testsuite> <!-- testCases.TC_002_LoginTest -->
