<?xml version="1.0" encoding="UTF-8"?>
<!-- Generated by org.testng.reporters.JUnitReportReporter -->
<testsuite hostname="LAPTOP-I0OI740N" failures="0" tests="1" name="testCases.TC_002_LoginTest" time="1.781" errors="0" timestamp="2024-12-09T15:18:27 IST" skipped="0">
  <testcase classname="testCases.TC_002_LoginTest" name="test_Login" time="1.781"/>
</testsuite> <!-- testCases.TC_002_LoginTest -->
